Removed Pin From Net: NetName=GND Pin=D2-2
Change Component Footprint: Designator=D2 Old Footprint=LED-1 New Footprint=1206_A
Change Component Footprint: Designator=D1 Old Footprint=LED-1 New Footprint=FP-SML-LX1206GC-TR-MFG
Change Component Comment : Designator=D2 Old Comment=LED1 New Comment=Indicator
Change Component Comment : Designator=D1 Old Comment=LED1 New Comment=PWR
Change Managed Component Library Link : Designator=D1 Old VaultGUID= New VaultGUID=B7D15EC3-160A-466F-A46C-7801FE6295A7 Old ItemGUID= New ItemGUID=CCEE1CA0-4D19-45F8-8115-0F09C96A91C7 Old RevisionGUID= New RevisionGUID=01F57331-BE27-490D-A6F4-25B18B2B021B
Change Managed Component Library Link : Designator=D2 Old VaultGUID= New VaultGUID=B7D15EC3-160A-466F-A46C-7801FE6295A7 Old ItemGUID= New ItemGUID=48AD1012-98F5-4597-95A5-E1645A255E96 Old RevisionGUID= New RevisionGUID=70CD772F-7ADB-4FE8-8AB6-384B38EB84B7
Change component parameters: Designator = "D1" ("D1"); Footprint = "LED-1"; UniqueID = "\ILNAQFUK" ("\ILNAQFUK")
Change component parameters (AddParameter): Name = "Approvals"; Value = "UL"; VariantName = "[No Variations]"
Change component parameters (AddParameter): Name = "Case Code (Imperial)"; Value = "1206"; VariantName = "[No Variations]"
Change component parameters (AddParameter): Name = "Case Code (Metric)"; Value = "3216"; VariantName = "[No Variations]"
Change component parameters (AddParameter): Name = "Case/Package"; Value = "1206"; VariantName = "[No Variations]"
Change component parameters (AddParameter): Name = "Color"; Value = "Green"; VariantName = "[No Variations]"
Change component parameters (AddParameter): Name = "Current Rating"; Value = "25mA"; VariantName = "[No Variations]"
Change component parameters (AddParameter): Name = "Dominant Wavelength"; Value = "565nm"; VariantName = "[No Variations]"
Change component parameters (AddParameter): Name = "Forward Current"; Value = "20mA"; VariantName = "[No Variations]"
Change component parameters (AddParameter): Name = "Forward Voltage"; Value = "2.2V"; VariantName = "[No Variations]"
Change component parameters (AddParameter): Name = "Height"; Value = "1.1mm"; VariantName = "[No Variations]"
Change component parameters (AddParameter): Name = "Illumination Color"; Value = "Green"; VariantName = "[No Variations]"
Change component parameters (AddParameter): Name = "Lead Free"; Value = "Lead Free"; VariantName = "[No Variations]"
Change component parameters (AddParameter): Name = "Length"; Value = "3.2mm"; VariantName = "[No Variations]"
Change component parameters (AddParameter): Name = "Lens Color"; Value = "Colorless"; VariantName = "[No Variations]"
Change component parameters (AddParameter): Name = "Lens Style"; Value = "Rectangular"; VariantName = "[No Variations]"
Change component parameters (AddParameter): Name = "Lens Transparency"; Value = "Clear"; VariantName = "[No Variations]"
Change component parameters (AddParameter): Name = "Luminous Intensity"; Value = "10mcd"; VariantName = "[No Variations]"
Change component parameters (AddParameter): Name = "Max Operating Temperature"; Value = "85°C"; VariantName = "[No Variations]"
Change component parameters (AddParameter): Name = "Min Operating Temperature"; Value = "-40°C"; VariantName = "[No Variations]"
Change component parameters (AddParameter): Name = "Mount"; Value = "Surface Mount"; VariantName = "[No Variations]"
Change component parameters (AddParameter): Name = "Number of LEDs"; Value = "1"; VariantName = "[No Variations]"
Change component parameters (AddParameter): Name = "Number of Pins"; Value = "2"; VariantName = "[No Variations]"
Change component parameters (AddParameter): Name = "Package Quantity"; Value = "1"; VariantName = "[No Variations]"
Change component parameters (AddParameter): Name = "Packaging"; Value = "Tape and Reel"; VariantName = "[No Variations]"
Change component parameters (AddParameter): Name = "Power Rating"; Value = "65mW"; VariantName = "[No Variations]"
Change component parameters (AddParameter): Name = "REACH SVHC"; Value = "No SVHC"; VariantName = "[No Variations]"
Change component parameters (AddParameter): Name = "RoHS Compliant"; Value = "Yes"; VariantName = "[No Variations]"
Change component parameters (AddParameter): Name = "Test Current"; Value = "20mA"; VariantName = "[No Variations]"
Change component parameters (AddParameter): Name = "Viewing Angle"; Value = "160°"; VariantName = "[No Variations]"
Change component parameters (AddParameter): Name = "Wavelength"; Value = "565nm"; VariantName = "[No Variations]"
Change component parameters (AddParameter): Name = "Width"; Value = "1.6mm"; VariantName = "[No Variations]"
Change component parameters: Designator = "D2" ("D2"); Footprint = "LED-1"; UniqueID = "\IIZBOWXD" ("\IIZBOWXD")
Change component parameters (AddParameter): Name = "Color"; Value = "Super Red"; VariantName = "[No Variations]"
Change component parameters (AddParameter): Name = "ComponentLink1Description"; Value = "Manufacturer URL"; VariantName = "[No Variations]"
Change component parameters (AddParameter): Name = "ComponentLink1URL"; Value = "http://www.we-online.com"; VariantName = "[No Variations]"
Change component parameters (AddParameter): Name = "ComponentLink2Description"; Value = "Datasheet"; VariantName = "[No Variations]"
Change component parameters (AddParameter): Name = "ComponentLink2URL"; Value = "http://katalog.we-online.com/led/datasheet/150120SS75000.pdf"; VariantName = "[No Variations]"
Change component parameters (AddParameter): Name = "Manufacturer"; Value = "Wuerth Elektronik"; VariantName = "[No Variations]"
Change component parameters (AddParameter): Name = "PackageReference"; Value = "1206_A"; VariantName = "[No Variations]"
Change component parameters (AddParameter): Name = "PartNumber"; Value = "150120SS75000"; VariantName = "[No Variations]"
Added Pin To Net: NetName=GND Pin=D2-1
Added Pin To Net: NetName=NetD2_2 Pin=D2-2
Added Pin To Net: NetName=NetD2_2 Pin=R2-2
Added Net: Name=NetD2_2
Added Member To Class: ClassName=Sheet1 Member=Component C1 0.1uF
Added Member To Class: ClassName=Sheet1 Member=Component C2 0.1uF
Added Member To Class: ClassName=Sheet1 Member=Component C3 0.1uF
Added Member To Class: ClassName=Sheet1 Member=Component C4 0.1uF
Added Member To Class: ClassName=Sheet1 Member=Component C6 0.1uF
Added Member To Class: ClassName=Sheet1 Member=Component R1 100
Added Member To Class: ClassName=Sheet1 Member=Component R2 100
Added Member To Class: ClassName=Sheet1 Member=Component R3 1k
